crond: crond (busybox 1.33.1) started, log level 8
crond: USER root pid  73 cmd run-parts /etc/periodic/15min
crond: USER root pid  74 cmd run-parts /etc/periodic/hourly
crond: USER root pid 243 cmd run-parts /etc/periodic/15min
crond: USER root pid 244 cmd run-parts /etc/periodic/15min
crond: USER root pid 245 cmd run-parts /etc/periodic/15min
crond: USER root pid 246 cmd run-parts /etc/periodic/15min
crond: USER root pid 247 cmd run-parts /etc/periodic/hourly
crond: USER root pid 248 cmd run-parts /etc/periodic/15min
crond: USER root pid 249 cmd run-parts /etc/periodic/15min
crond: USER root pid 250 cmd run-parts /etc/periodic/15min
crond: USER root pid 251 cmd run-parts /etc/periodic/15min
crond: USER root pid 252 cmd run-parts /etc/periodic/hourly
crond: USER root pid 253 cmd run-parts /etc/periodic/15min
crond: USER root pid 254 cmd run-parts /etc/periodic/15min
crond: USER root pid 255 cmd run-parts /etc/periodic/15min
crond: USER root pid 256 cmd run-parts /etc/periodic/15min
crond: USER root pid 257 cmd run-parts /etc/periodic/hourly
crond: USER root pid 270 cmd run-parts /etc/periodic/15min
crond: USER root pid 271 cmd run-parts /etc/periodic/15min
crond: USER root pid 272 cmd run-parts /etc/periodic/15min
crond: USER root pid 277 cmd run-parts /etc/periodic/15min
crond: USER root pid 278 cmd run-parts /etc/periodic/hourly
crond: USER root pid 293 cmd run-parts /etc/periodic/15min
crond: USER root pid 298 cmd run-parts /etc/periodic/15min
crond: USER root pid 299 cmd run-parts /etc/periodic/15min
crond: USER root pid 300 cmd run-parts /etc/periodic/15min
crond: USER root pid 301 cmd run-parts /etc/periodic/hourly
crond: USER root pid 302 cmd run-parts /etc/periodic/15min
crond: USER root pid 303 cmd run-parts /etc/periodic/15min
crond: USER root pid 304 cmd run-parts /etc/periodic/15min
crond: USER root pid 305 cmd run-parts /etc/periodic/15min
crond: USER root pid 306 cmd run-parts /etc/periodic/hourly
crond: USER root pid 307 cmd run-parts /etc/periodic/15min
crond: crond (busybox 1.33.1) started, log level 8
crond: crond (busybox 1.33.1) started, log level 8
crond: USER root pid  64 cmd run-parts /etc/periodic/15min
crond: USER root pid  65 cmd run-parts /etc/periodic/15min
crond: USER root pid  66 cmd run-parts /etc/periodic/15min
crond: USER root pid  67 cmd run-parts /etc/periodic/hourly
crond: USER root pid  68 cmd run-parts /etc/periodic/daily
crond: USER root pid  69 cmd run-parts /etc/periodic/15min
crond: USER root pid  70 cmd run-parts /etc/periodic/15min
crond: USER root pid  71 cmd run-parts /etc/periodic/15min
crond: USER root pid  72 cmd run-parts /etc/periodic/15min
crond: USER root pid  73 cmd run-parts /etc/periodic/hourly
crond: USER root pid  74 cmd run-parts /etc/periodic/15min
crond: USER root pid  75 cmd run-parts /etc/periodic/15min
crond: USER root pid  76 cmd run-parts /etc/periodic/15min
crond: USER root pid  85 cmd run-parts /etc/periodic/15min
crond: USER root pid  86 cmd run-parts /etc/periodic/hourly
crond: USER root pid  87 cmd run-parts /etc/periodic/15min
crond: USER root pid  88 cmd run-parts /etc/periodic/15min
crond: USER root pid  89 cmd run-parts /etc/periodic/15min
crond: USER root pid  90 cmd run-parts /etc/periodic/15min
crond: USER root pid  91 cmd run-parts /etc/periodic/hourly
crond: USER root pid  92 cmd run-parts /etc/periodic/15min
crond: USER root pid  93 cmd run-parts /etc/periodic/15min
crond: USER root pid  94 cmd run-parts /etc/periodic/15min
crond: USER root pid  95 cmd run-parts /etc/periodic/15min
crond: USER root pid  96 cmd run-parts /etc/periodic/hourly
crond: USER root pid  97 cmd run-parts /etc/periodic/15min
crond: USER root pid 102 cmd run-parts /etc/periodic/15min
crond: USER root pid 109 cmd run-parts /etc/periodic/15min
